<?xml version="1.0" encoding="UTF-8"?>
<!-- Generated by org.testng.reporters.JUnitReportReporter -->
<testsuite skipped="0" hostname="DESKTOP-ROEA4C4" name="tests.TestClass" tests="3" failures="0" timestamp="2020-01-24T14:59:29 IST" time="24.903" errors="0">
  <testcase name="launchfaceBook" time="9.973" classname="tests.TestClass"/>
  <testcase name="launchOutLook" time="7.718" classname="tests.TestClass"/>
  <testcase name="launchGoogle" time="7.212" classname="tests.TestClass"/>
</testsuite> <!-- tests.TestClass -->
